<?xml version="1.0" encoding="UTF-8"?>
<!-- Generated by org.testng.reporters.JUnitReportReporter -->
<testsuite hostname="DESKTOP-DL6C15R" failures="0" tests="1" name="com.qa.Tests.LoginAutomation" time="4.889" errors="0" timestamp="2025-02-02T20:32:16 IST" skipped="0">
  <testcase classname="com.qa.Tests.LoginAutomation" name="LoginAndupdateResume" time="4.889"/>
  <system-out/>
</testsuite> <!-- com.qa.Tests.LoginAutomation -->
